# JRE version: Java(TM) SE Runtime Environment (17.0.10+11) (build 17.0.10+11-LTS-240)
# Java VM: Java HotSpot(TM) 64-Bit Server VM (17.0.10+11-LTS-240, mixed mode, sharing, tiered, compressed oops, compressed class ptrs, g1 gc, windows-amd64)
GC Precious Log:
 CPUs: 8 total, 8 available
 Memory: 16133M
 Large Page Support: Disabled
 NUMA Support: Disabled
 Compressed Oops: Enabled (Zero based)
 Heap Region Size: 2M
 Heap Min Capacity: 8M
 Heap Initial Capacity: 254M
 Heap Max Capacity: 4G
 Pre-touch: Disabled
 Parallel Workers: 8
 Concurrent Workers: 2
 Concurrent Refinement Workers: 8
 Periodic GC: Disabled
Heap:
 garbage-first heap   total 221184K, used 120470K [0x0000000700000000, 0x0000000800000000)
  region size 2048K, 18 young (36864K), 3 survivors (6144K)
 Metaspace       used 77195K, committed 77888K, reserved 1179648K
  class space    used 10762K, committed 11072K, reserved 1048576K
GC Heap History (20 events):
Event: 22.695 GC heap before
{Heap before GC invocations=16 (full 0):
 garbage-first heap   total 106496K, used 49671K [0x0000000700000000, 0x0000000800000000)
  region size 2048K, 4 young (8192K), 1 survivors (2048K)
 Metaspace       used 46573K, committed 47168K, reserved 1114112K
  class space    used 6583K, committed 6848K, reserved 1048576K
}
Event: 22.697 GC heap after
{Heap after GC invocations=17 (full 0):
 garbage-first heap   total 106496K, used 46259K [0x0000000700000000, 0x0000000800000000)
  region size 2048K, 1 young (2048K), 1 survivors (2048K)
 Metaspace       used 46573K, committed 47168K, reserved 1114112K
  class space    used 6583K, committed 6848K, reserved 1048576K
}
Event: 23.133 GC heap before
{Heap before GC invocations=17 (full 0):
 garbage-first heap   total 106496K, used 83123K [0x0000000700000000, 0x0000000800000000)
  region size 2048K, 17 young (34816K), 1 survivors (2048K)
 Metaspace       used 50029K, committed 50688K, reserved 1114112K
  class space    used 7058K, committed 7360K, reserved 1048576K
}
Event: 23.136 GC heap after
{Heap after GC invocations=18 (full 0):
 garbage-first heap   total 106496K, used 53114K [0x0000000700000000, 0x0000000800000000)
  region size 2048K, 3 young (6144K), 3 survivors (6144K)
 Metaspace       used 50029K, committed 50688K, reserved 1114112K
  class space    used 7058K, committed 7360K, reserved 1048576K
}
Event: 23.400 GC heap before
{Heap before GC invocations=18 (full 0):
 garbage-first heap   total 106496K, used 71546K [0x0000000700000000, 0x0000000800000000)
  region size 2048K, 13 young (26624K), 3 survivors (6144K)
 Metaspace       used 51951K, committed 52608K, reserved 1114112K
  class space    used 7371K, committed 7680K, reserved 1048576K
}
Event: 23.404 GC heap after
{Heap after GC invocations=19 (full 0):
 garbage-first heap   total 106496K, used 54026K [0x0000000700000000, 0x0000000800000000)
  region size 2048K, 2 young (4096K), 2 survivors (4096K)
 Metaspace       used 51951K, committed 52608K, reserved 1114112K
  class space    used 7371K, committed 7680K, reserved 1048576K
}
Event: 23.681 GC heap before
{Heap before GC invocations=20 (full 0):
 garbage-first heap   total 106496K, used 86794K [0x0000000700000000, 0x0000000800000000)
  region size 2048K, 16 young (32768K), 2 survivors (4096K)
 Metaspace       used 53971K, committed 54656K, reserved 1114112K
  class space    used 7630K, committed 7936K, reserved 1048576K
}
Event: 23.683 GC heap after
{Heap after GC invocations=21 (full 0):
 garbage-first heap   total 106496K, used 59328K [0x0000000700000000, 0x0000000800000000)
  region size 2048K, 2 young (4096K), 2 survivors (4096K)
 Metaspace       used 53971K, committed 54656K, reserved 1114112K
  class space    used 7630K, committed 7936K, reserved 1048576K
}
Event: 23.702 GC heap before
{Heap before GC invocations=21 (full 0):
 garbage-first heap   total 106496K, used 61376K [0x0000000700000000, 0x0000000800000000)
  region size 2048K, 3 young (6144K), 2 survivors (4096K)
 Metaspace       used 54090K, committed 54848K, reserved 1114112K
  class space    used 7649K, committed 8000K, reserved 1048576K
}
Event: 23.705 GC heap after
{Heap after GC invocations=22 (full 0):
 garbage-first heap   total 106496K, used 58690K [0x0000000700000000, 0x0000000800000000)
  region size 2048K, 1 young (2048K), 1 survivors (2048K)
 Metaspace       used 54090K, committed 54848K, reserved 1114112K
  class space    used 7649K, committed 8000K, reserved 1048576K
}
Event: 23.965 GC heap before
{Heap before GC invocations=22 (full 0):
 garbage-first heap   total 106496K, used 83266K [0x0000000700000000, 0x0000000800000000)
  region size 2048K, 13 young (26624K), 1 survivors (2048K)
 Metaspace       used 56639K, committed 57280K, reserved 1114112K
  class space    used 8013K, committed 8320K, reserved 1048576K
}
Event: 23.968 GC heap after
{Heap after GC invocations=23 (full 0):
 garbage-first heap   total 106496K, used 59560K [0x0000000700000000, 0x0000000800000000)
  region size 2048K, 1 young (2048K), 1 survivors (2048K)
 Metaspace       used 56639K, committed 57280K, reserved 1114112K
  class space    used 8013K, committed 8320K, reserved 1048576K
}
Event: 24.284 GC heap before
{Heap before GC invocations=24 (full 0):
 garbage-first heap   total 110592K, used 86184K [0x0000000700000000, 0x0000000800000000)
  region size 2048K, 14 young (28672K), 1 survivors (2048K)
 Metaspace       used 58634K, committed 59328K, reserved 1114112K
  class space    used 8250K, committed 8576K, reserved 1048576K
}
Event: 24.288 GC heap after
{Heap after GC invocations=25 (full 0):
 garbage-first heap   total 221184K, used 62645K [0x0000000700000000, 0x0000000800000000)
  region size 2048K, 2 young (4096K), 2 survivors (4096K)
 Metaspace       used 58634K, committed 59328K, reserved 1114112K
  class space    used 8250K, committed 8576K, reserved 1048576K
}
Event: 25.851 GC heap before
{Heap before GC invocations=25 (full 0):
 garbage-first heap   total 221184K, used 160949K [0x0000000700000000, 0x0000000800000000)
  region size 2048K, 50 young (102400K), 2 survivors (4096K)
 Metaspace       used 64763K, committed 65472K, reserved 1114112K
  class space    used 9220K, committed 9536K, reserved 1048576K
}
Event: 25.858 GC heap after
{Heap after GC invocations=26 (full 0):
 garbage-first heap   total 221184K, used 71730K [0x0000000700000000, 0x0000000800000000)
  region size 2048K, 7 young (14336K), 7 survivors (14336K)
 Metaspace       used 64763K, committed 65472K, reserved 1114112K
  class space    used 9220K, committed 9536K, reserved 1048576K
}
Event: 27.027 GC heap before
{Heap before GC invocations=26 (full 0):
 garbage-first heap   total 221184K, used 163890K [0x0000000700000000, 0x0000000800000000)
  region size 2048K, 52 young (106496K), 7 survivors (14336K)
 Metaspace       used 70837K, committed 71616K, reserved 1114112K
  class space    used 9907K, committed 10240K, reserved 1048576K
}
Event: 27.036 GC heap after
{Heap after GC invocations=27 (full 0):
 garbage-first heap   total 221184K, used 86913K [0x0000000700000000, 0x0000000800000000)
  region size 2048K, 7 young (14336K), 7 survivors (14336K)
 Metaspace       used 70837K, committed 71616K, reserved 1114112K
  class space    used 9907K, committed 10240K, reserved 1048576K
}
Event: 27.698 GC heap before
{Heap before GC invocations=27 (full 0):
 garbage-first heap   total 221184K, used 162689K [0x0000000700000000, 0x0000000800000000)
  region size 2048K, 45 young (92160K), 7 survivors (14336K)
 Metaspace       used 75492K, committed 76224K, reserved 1114112K
  class space    used 10532K, committed 10880K, reserved 1048576K
}
Event: 27.703 GC heap after
{Heap after GC invocations=28 (full 0):
 garbage-first heap   total 221184K, used 91798K [0x0000000700000000, 0x0000000800000000)
  region size 2048K, 3 young (6144K), 3 survivors (6144K)
 Metaspace       used 75492K, committed 76224K, reserved 1114112K
  class space    used 10532K, committed 10880K, reserved 1048576K
}

