# JRE version: Java(TM) SE Runtime Environment (17.0.12+8) (build 17.0.12+8-LTS-286)
# Java VM: Java HotSpot(TM) 64-Bit Server VM (17.0.12+8-LTS-286, mixed mode, sharing, tiered, compressed oops, compressed class ptrs, g1 gc, windows-amd64)
GC Precious Log:
 CPUs: 12 total, 12 available
 Memory: 16009M
 Large Page Support: Disabled
 NUMA Support: Disabled
 Compressed Oops: Enabled (Zero based)
 Heap Region Size: 2M
 Heap Min Capacity: 8M
 Heap Initial Capacity: 252M
 Heap Max Capacity: 4G
 Pre-touch: Disabled
 Parallel Workers: 10
 Concurrent Workers: 3
 Concurrent Refinement Workers: 10
 Periodic GC: Disabled
Heap:
 garbage-first heap   total 270336K, used 166939K [0x0000000700000000, 0x0000000800000000)
  region size 2048K, 1 young (2048K), 1 survivors (2048K)
 Metaspace       used 92112K, committed 93312K, reserved 1179648K
  class space    used 12961K, committed 13504K, reserved 1048576K
GC Heap History (20 events):
Event: 33.410 GC heap after
{Heap after GC invocations=29 (full 0):
 garbage-first heap   total 182272K, used 97765K [0x0000000700000000, 0x0000000800000000)
  region size 2048K, 3 young (6144K), 3 survivors (6144K)
 Metaspace       used 81320K, committed 82112K, reserved 1179648K
  class space    used 11395K, committed 11776K, reserved 1048576K
}
Event: 33.801 GC heap before
{Heap before GC invocations=29 (full 0):
 garbage-first heap   total 182272K, used 148965K [0x0000000700000000, 0x0000000800000000)
  region size 2048K, 28 young (57344K), 3 survivors (6144K)
 Metaspace       used 84913K, committed 85696K, reserved 1179648K
  class space    used 12007K, committed 12352K, reserved 1048576K
}
Event: 33.808 GC heap after
{Heap after GC invocations=30 (full 0):
 garbage-first heap   total 182272K, used 99535K [0x0000000700000000, 0x0000000800000000)
  region size 2048K, 2 young (4096K), 2 survivors (4096K)
 Metaspace       used 84913K, committed 85696K, reserved 1179648K
  class space    used 12007K, committed 12352K, reserved 1048576K
}
Event: 34.274 GC heap before
{Heap before GC invocations=31 (full 0):
 garbage-first heap   total 182272K, used 148687K [0x0000000700000000, 0x0000000800000000)
  region size 2048K, 27 young (55296K), 2 survivors (4096K)
 Metaspace       used 86584K, committed 87360K, reserved 1179648K
  class space    used 12225K, committed 12608K, reserved 1048576K
}
Event: 34.284 GC heap after
{Heap after GC invocations=32 (full 0):
 garbage-first heap   total 182272K, used 105722K [0x0000000700000000, 0x0000000800000000)
  region size 2048K, 4 young (8192K), 4 survivors (8192K)
 Metaspace       used 86584K, committed 87360K, reserved 1179648K
  class space    used 12225K, committed 12608K, reserved 1048576K
}
Event: 34.531 GC heap before
{Heap before GC invocations=32 (full 0):
 garbage-first heap   total 182272K, used 134394K [0x0000000700000000, 0x0000000800000000)
  region size 2048K, 20 young (40960K), 4 survivors (8192K)
 Metaspace       used 87182K, committed 88064K, reserved 1179648K
  class space    used 12274K, committed 12672K, reserved 1048576K
}
Event: 34.538 GC heap after
{Heap after GC invocations=33 (full 0):
 garbage-first heap   total 219136K, used 113779K [0x0000000700000000, 0x0000000800000000)
  region size 2048K, 4 young (8192K), 4 survivors (8192K)
 Metaspace       used 87182K, committed 88064K, reserved 1179648K
  class space    used 12274K, committed 12672K, reserved 1048576K
}
Event: 35.081 GC heap before
{Heap before GC invocations=34 (full 0):
 garbage-first heap   total 219136K, used 175219K [0x0000000700000000, 0x0000000800000000)
  region size 2048K, 33 young (67584K), 4 survivors (8192K)
 Metaspace       used 88685K, committed 89536K, reserved 1179648K
  class space    used 12519K, committed 12928K, reserved 1048576K
}
Event: 35.088 GC heap after
{Heap after GC invocations=35 (full 0):
 garbage-first heap   total 219136K, used 125247K [0x0000000700000000, 0x0000000800000000)
  region size 2048K, 5 young (10240K), 5 survivors (10240K)
 Metaspace       used 88685K, committed 89536K, reserved 1179648K
  class space    used 12519K, committed 12928K, reserved 1048576K
}
Event: 35.303 GC heap before
{Heap before GC invocations=35 (full 0):
 garbage-first heap   total 219136K, used 147775K [0x0000000700000000, 0x0000000800000000)
  region size 2048K, 17 young (34816K), 5 survivors (10240K)
 Metaspace       used 88900K, committed 89792K, reserved 1179648K
  class space    used 12549K, committed 12992K, reserved 1048576K
}
Event: 35.311 GC heap after
{Heap after GC invocations=36 (full 0):
 garbage-first heap   total 219136K, used 130612K [0x0000000700000000, 0x0000000800000000)
  region size 2048K, 3 young (6144K), 3 survivors (6144K)
 Metaspace       used 88900K, committed 89792K, reserved 1179648K
  class space    used 12549K, committed 12992K, reserved 1048576K
}
Event: 35.742 GC heap before
{Heap before GC invocations=37 (full 0):
 garbage-first heap   total 233472K, used 177716K [0x0000000700000000, 0x0000000800000000)
  region size 2048K, 24 young (49152K), 3 survivors (6144K)
 Metaspace       used 90724K, committed 91712K, reserved 1179648K
  class space    used 12753K, committed 13184K, reserved 1048576K
}
Event: 35.750 GC heap after
{Heap after GC invocations=38 (full 0):
 garbage-first heap   total 233472K, used 148171K [0x0000000700000000, 0x0000000800000000)
  region size 2048K, 3 young (6144K), 3 survivors (6144K)
 Metaspace       used 90724K, committed 91712K, reserved 1179648K
  class space    used 12753K, committed 13184K, reserved 1048576K
}
Event: 35.783 GC heap before
{Heap before GC invocations=38 (full 0):
 garbage-first heap   total 233472K, used 152267K [0x0000000700000000, 0x0000000800000000)
  region size 2048K, 5 young (10240K), 3 survivors (6144K)
 Metaspace       used 90799K, committed 91840K, reserved 1179648K
  class space    used 12765K, committed 13248K, reserved 1048576K
}
Event: 35.789 GC heap after
{Heap after GC invocations=39 (full 0):
 garbage-first heap   total 233472K, used 149037K [0x0000000700000000, 0x0000000800000000)
  region size 2048K, 1 young (2048K), 1 survivors (2048K)
 Metaspace       used 90799K, committed 91840K, reserved 1179648K
  class space    used 12765K, committed 13248K, reserved 1048576K
}
Event: 36.220 GC heap before
{Heap before GC invocations=39 (full 0):
 garbage-first heap   total 233472K, used 185901K [0x0000000700000000, 0x0000000800000000)
  region size 2048K, 19 young (38912K), 1 survivors (2048K)
 Metaspace       used 91649K, committed 92736K, reserved 1179648K
  class space    used 12893K, committed 13376K, reserved 1048576K
}
Event: 36.227 GC heap after
{Heap after GC invocations=40 (full 0):
 garbage-first heap   total 233472K, used 157767K [0x0000000700000000, 0x0000000800000000)
  region size 2048K, 3 young (6144K), 3 survivors (6144K)
 Metaspace       used 91649K, committed 92736K, reserved 1179648K
  class space    used 12893K, committed 13376K, reserved 1048576K
}
Event: 36.568 GC heap before
{Heap before GC invocations=41 (full 0):
 garbage-first heap   total 270336K, used 184391K [0x0000000700000000, 0x0000000800000000)
  region size 2048K, 16 young (32768K), 3 survivors (6144K)
 Metaspace       used 91992K, committed 93184K, reserved 1179648K
  class space    used 12931K, committed 13440K, reserved 1048576K
}
Event: 36.576 GC heap after
{Heap after GC invocations=42 (full 0):
 garbage-first heap   total 270336K, used 163693K [0x0000000700000000, 0x0000000800000000)
  region size 2048K, 2 young (4096K), 2 survivors (4096K)
 Metaspace       used 91992K, committed 93184K, reserved 1179648K
  class space    used 12931K, committed 13440K, reserved 1048576K
}
Event: 36.622 GC heap before
{Heap before GC invocations=42 (full 0):
 garbage-first heap   total 270336K, used 169837K [0x0000000700000000, 0x0000000800000000)
  region size 2048K, 6 young (12288K), 2 survivors (4096K)
 Metaspace       used 92112K, committed 93312K, reserved 1179648K
  class space    used 12961K, committed 13504K, reserved 1048576K
}

